<?xml version="1.0" encoding="UTF-8"?>
<!-- Generated by org.testng.reporters.JUnitXMLReporter -->
<testsuite hostname="RoboKub" name="Command line test" tests="20" failures="0" timestamp="29 Nov 2016 15:52:54 GMT" time="12.164" errors="0">
  <testcase name="testAttendCreate" time="0.595" classname="com.kubar.universityapp.service.AttendServiceTest"/>
  <testcase name="testAttendDelete" time="0.098" classname="com.kubar.universityapp.service.AttendServiceTest"/>
  <testcase name="testAttendFindById" time="0.128" classname="com.kubar.universityapp.service.AttendServiceTest"/>
  <testcase name="testAttendGetAll" time="0.057" classname="com.kubar.universityapp.service.AttendServiceTest"/>
  <testcase name="testAttendUpdate" time="0.138" classname="com.kubar.universityapp.service.AttendServiceTest"/>
  <testcase name="testRatingCreate" time="0.2" classname="com.kubar.universityapp.service.RatingServiceTest"/>
  <testcase name="testRatingDelete" time="0.043" classname="com.kubar.universityapp.service.RatingServiceTest"/>
  <testcase name="testRatingFindById" time="0.153" classname="com.kubar.universityapp.service.RatingServiceTest"/>
  <testcase name="testRatingGetAll" time="0.032" classname="com.kubar.universityapp.service.RatingServiceTest"/>
  <testcase name="testRatingUpdate" time="0.093" classname="com.kubar.universityapp.service.RatingServiceTest"/>
  <testcase name="testStudentCreate" time="0.095" classname="com.kubar.universityapp.service.StudentServiceTest"/>
  <testcase name="testStudentDelete" time="0.143" classname="com.kubar.universityapp.service.StudentServiceTest"/>
  <testcase name="testStudentFindById" time="0.313" classname="com.kubar.universityapp.service.StudentServiceTest"/>
  <testcase name="testStudentGetAll" time="0.009" classname="com.kubar.universityapp.service.StudentServiceTest"/>
  <testcase name="testStudentUpdate" time="0.233" classname="com.kubar.universityapp.service.StudentServiceTest"/>
  <testcase name="testSubjectCreate" time="0.042" classname="com.kubar.universityapp.service.SubjectServiceTest"/>
  <testcase name="testSubjectDelete" time="0.049" classname="com.kubar.universityapp.service.SubjectServiceTest"/>
  <testcase name="testSubjectFindById" time="0.034" classname="com.kubar.universityapp.service.SubjectServiceTest"/>
  <testcase name="testSubjectGetAll" time="0.027" classname="com.kubar.universityapp.service.SubjectServiceTest"/>
  <testcase name="testSubjectUpdate" time="0.066" classname="com.kubar.universityapp.service.SubjectServiceTest"/>
</testsuite> <!-- Command line test -->
