<?xml version="1.0" encoding="UTF-8" ?>
<testsuite tests="20" failures="0" name="TestSuite" time="2.517" errors="0" skipped="0">
  <properties>
[...]
</properties>
  <testcase classname="com.kubar.universityapp.service.AttendServiceTest" name="testAttendCreate" time="0.596"/>
  <testcase classname="com.kubar.universityapp.service.AttendServiceTest" name="testAttendDelete" time="0.097"/>
  <testcase classname="com.kubar.universityapp.service.AttendServiceTest" name="testAttendFindById" time="0.128"/>
  <testcase classname="com.kubar.universityapp.service.AttendServiceTest" name="testAttendGetAll" time="0.055"/>
  <testcase classname="com.kubar.universityapp.service.AttendServiceTest" name="testAttendUpdate" time="0.138"/>
  <testcase classname="com.kubar.universityapp.service.RatingServiceTest" name="testRatingCreate" time="0.197"/>
  <testcase classname="com.kubar.universityapp.service.RatingServiceTest" name="testRatingDelete" time="0.045"/>
  <testcase classname="com.kubar.universityapp.service.RatingServiceTest" name="testRatingFindById" time="0.148"/>
  <testcase classname="com.kubar.universityapp.service.RatingServiceTest" name="testRatingGetAll" time="0.033"/>
  <testcase classname="com.kubar.universityapp.service.RatingServiceTest" name="testRatingUpdate" time="0.113"/>
  <testcase classname="com.kubar.universityapp.service.StudentServiceTest" name="testStudentCreate" time="0.092"/>
  <testcase classname="com.kubar.universityapp.service.StudentServiceTest" name="testStudentDelete" time="0.141"/>
  <testcase classname="com.kubar.universityapp.service.StudentServiceTest" name="testStudentFindById" time="0.311"/>
  <testcase classname="com.kubar.universityapp.service.StudentServiceTest" name="testStudentGetAll" time="0.001"/>
  <testcase classname="com.kubar.universityapp.service.StudentServiceTest" name="testStudentUpdate" time="0.232"/>
  <testcase classname="com.kubar.universityapp.service.SubjectServiceTest" name="testSubjectCreate" time="0.019"/>
  <testcase classname="com.kubar.universityapp.service.SubjectServiceTest" name="testSubjectDelete" time="0.049"/>
  <testcase classname="com.kubar.universityapp.service.SubjectServiceTest" name="testSubjectFindById" time="0.032"/>
  <testcase classname="com.kubar.universityapp.service.SubjectServiceTest" name="testSubjectGetAll" time="0.026"/>
  <testcase classname="com.kubar.universityapp.service.SubjectServiceTest" name="testSubjectUpdate" time="0.064"/>
</testsuite>