<?xml version="1.0" encoding="UTF-8"?>
<testng-results skipped="0" failed="0" total="20" passed="20">
  <reporter-output>
  </reporter-output>
  <suite name="Command line suite" duration-ms="12164" started-at="2016-11-29T15:52:41Z" finished-at="2016-11-29T15:52:53Z">
    <groups>
    </groups>
    <test name="Command line test" duration-ms="12164" started-at="2016-11-29T15:52:41Z" finished-at="2016-11-29T15:52:53Z">
      <class name="com.kubar.universityapp.service.RatingServiceTest">
        <test-method status="PASS" signature="springTestContextBeforeTestClass()[pri:0, instance:com.kubar.universityapp.service.RatingServiceTest@5a8806ef]" name="springTestContextBeforeTestClass" is-config="true" duration-ms="0" started-at="2016-11-29T18:52:48Z" finished-at="2016-11-29T18:52:48Z">
          <reporter-output>
          </reporter-output>
        </test-method> <!-- springTestContextBeforeTestClass -->
        <test-method status="PASS" signature="springTestContextPrepareTestInstance()[pri:0, instance:com.kubar.universityapp.service.RatingServiceTest@5a8806ef]" name="springTestContextPrepareTestInstance" is-config="true" duration-ms="8" started-at="2016-11-29T18:52:48Z" depends-on-methods="org.springframework.test.context.testng.AbstractTestNGSpringContextTests.springTestContextBeforeTestClass" finished-at="2016-11-29T18:52:48Z">
          <reporter-output>
          </reporter-output>
        </test-method> <!-- springTestContextPrepareTestInstance -->
        <test-method status="PASS" signature="springTestContextBeforeTestMethod(java.lang.reflect.Method)[pri:0, instance:com.kubar.universityapp.service.RatingServiceTest@5a8806ef]" name="springTestContextBeforeTestMethod" is-config="true" duration-ms="207" started-at="2016-11-29T18:52:48Z" finished-at="2016-11-29T18:52:49Z">
          <params>
            <param index="0">
              <value>
                <![CDATA[public void com.kubar.universityapp.service.RatingServiceTest.testRatingCreate()]]>
              </value>
            </param>
          </params>
          <reporter-output>
          </reporter-output>
        </test-method> <!-- springTestContextBeforeTestMethod -->
        <test-method status="PASS" signature="testRatingCreate()[pri:0, instance:com.kubar.universityapp.service.RatingServiceTest@5a8806ef]" name="testRatingCreate" duration-ms="200" started-at="2016-11-29T18:52:49Z" finished-at="2016-11-29T18:52:49Z">
          <reporter-output>
          </reporter-output>
        </test-method> <!-- testRatingCreate -->
        <test-method status="PASS" signature="springTestContextAfterTestMethod(java.lang.reflect.Method)[pri:0, instance:com.kubar.universityapp.service.RatingServiceTest@5a8806ef]" name="springTestContextAfterTestMethod" is-config="true" duration-ms="222" started-at="2016-11-29T18:52:49Z" finished-at="2016-11-29T18:52:49Z">
          <params>
            <param index="0">
              <value>
                <![CDATA[public void com.kubar.universityapp.service.RatingServiceTest.testRatingCreate()]]>
              </value>
            </param>
          </params>
          <reporter-output>
          </reporter-output>
        </test-method> <!-- springTestContextAfterTestMethod -->
        <test-method status="PASS" signature="springTestContextBeforeTestMethod(java.lang.reflect.Method)[pri:0, instance:com.kubar.universityapp.service.RatingServiceTest@5a8806ef]" name="springTestContextBeforeTestMethod" is-config="true" duration-ms="69" started-at="2016-11-29T18:52:49Z" finished-at="2016-11-29T18:52:49Z">
          <params>
            <param index="0">
              <value>
                <![CDATA[public void com.kubar.universityapp.service.RatingServiceTest.testRatingDelete()]]>
              </value>
            </param>
          </params>
          <reporter-output>
          </reporter-output>
        </test-method> <!-- springTestContextBeforeTestMethod -->
        <test-method status="PASS" signature="testRatingDelete()[pri:0, instance:com.kubar.universityapp.service.RatingServiceTest@5a8806ef]" name="testRatingDelete" duration-ms="43" started-at="2016-11-29T18:52:49Z" finished-at="2016-11-29T18:52:49Z">
          <reporter-output>
          </reporter-output>
        </test-method> <!-- testRatingDelete -->
        <test-method status="PASS" signature="springTestContextAfterTestMethod(java.lang.reflect.Method)[pri:0, instance:com.kubar.universityapp.service.RatingServiceTest@5a8806ef]" name="springTestContextAfterTestMethod" is-config="true" duration-ms="73" started-at="2016-11-29T18:52:49Z" finished-at="2016-11-29T18:52:49Z">
          <params>
            <param index="0">
              <value>
                <![CDATA[public void com.kubar.universityapp.service.RatingServiceTest.testRatingDelete()]]>
              </value>
            </param>
          </params>
          <reporter-output>
          </reporter-output>
        </test-method> <!-- springTestContextAfterTestMethod -->
        <test-method status="PASS" signature="springTestContextBeforeTestMethod(java.lang.reflect.Method)[pri:0, instance:com.kubar.universityapp.service.RatingServiceTest@5a8806ef]" name="springTestContextBeforeTestMethod" is-config="true" duration-ms="66" started-at="2016-11-29T18:52:49Z" finished-at="2016-11-29T18:52:49Z">
          <params>
            <param index="0">
              <value>
                <![CDATA[public void com.kubar.universityapp.service.RatingServiceTest.testRatingFindById()]]>
              </value>
            </param>
          </params>
          <reporter-output>
          </reporter-output>
        </test-method> <!-- springTestContextBeforeTestMethod -->
        <test-method status="PASS" signature="testRatingFindById()[pri:0, instance:com.kubar.universityapp.service.RatingServiceTest@5a8806ef]" name="testRatingFindById" duration-ms="153" started-at="2016-11-29T18:52:49Z" finished-at="2016-11-29T18:52:49Z">
          <reporter-output>
          </reporter-output>
        </test-method> <!-- testRatingFindById -->
        <test-method status="PASS" signature="springTestContextAfterTestMethod(java.lang.reflect.Method)[pri:0, instance:com.kubar.universityapp.service.RatingServiceTest@5a8806ef]" name="springTestContextAfterTestMethod" is-config="true" duration-ms="42" started-at="2016-11-29T18:52:49Z" finished-at="2016-11-29T18:52:49Z">
          <params>
            <param index="0">
              <value>
                <![CDATA[public void com.kubar.universityapp.service.RatingServiceTest.testRatingFindById()]]>
              </value>
            </param>
          </params>
          <reporter-output>
          </reporter-output>
        </test-method> <!-- springTestContextAfterTestMethod -->
        <test-method status="PASS" signature="springTestContextBeforeTestMethod(java.lang.reflect.Method)[pri:0, instance:com.kubar.universityapp.service.RatingServiceTest@5a8806ef]" name="springTestContextBeforeTestMethod" is-config="true" duration-ms="225" started-at="2016-11-29T18:52:49Z" finished-at="2016-11-29T18:52:50Z">
          <params>
            <param index="0">
              <value>
                <![CDATA[public void com.kubar.universityapp.service.RatingServiceTest.testRatingGetAll()]]>
              </value>
            </param>
          </params>
          <reporter-output>
          </reporter-output>
        </test-method> <!-- springTestContextBeforeTestMethod -->
        <test-method status="PASS" signature="testRatingGetAll()[pri:0, instance:com.kubar.universityapp.service.RatingServiceTest@5a8806ef]" name="testRatingGetAll" duration-ms="32" started-at="2016-11-29T18:52:50Z" finished-at="2016-11-29T18:52:50Z">
          <reporter-output>
          </reporter-output>
        </test-method> <!-- testRatingGetAll -->
        <test-method status="PASS" signature="springTestContextAfterTestMethod(java.lang.reflect.Method)[pri:0, instance:com.kubar.universityapp.service.RatingServiceTest@5a8806ef]" name="springTestContextAfterTestMethod" is-config="true" duration-ms="3" started-at="2016-11-29T18:52:50Z" finished-at="2016-11-29T18:52:50Z">
          <params>
            <param index="0">
              <value>
                <![CDATA[public void com.kubar.universityapp.service.RatingServiceTest.testRatingGetAll()]]>
              </value>
            </param>
          </params>
          <reporter-output>
          </reporter-output>
        </test-method> <!-- springTestContextAfterTestMethod -->
        <test-method status="PASS" signature="springTestContextBeforeTestMethod(java.lang.reflect.Method)[pri:0, instance:com.kubar.universityapp.service.RatingServiceTest@5a8806ef]" name="springTestContextBeforeTestMethod" is-config="true" duration-ms="214" started-at="2016-11-29T18:52:50Z" finished-at="2016-11-29T18:52:50Z">
          <params>
            <param index="0">
              <value>
                <![CDATA[public void com.kubar.universityapp.service.RatingServiceTest.testRatingUpdate()]]>
              </value>
            </param>
          </params>
          <reporter-output>
          </reporter-output>
        </test-method> <!-- springTestContextBeforeTestMethod -->
        <test-method status="PASS" signature="testRatingUpdate()[pri:0, instance:com.kubar.universityapp.service.RatingServiceTest@5a8806ef]" name="testRatingUpdate" duration-ms="93" started-at="2016-11-29T18:52:50Z" finished-at="2016-11-29T18:52:50Z">
          <reporter-output>
          </reporter-output>
        </test-method> <!-- testRatingUpdate -->
        <test-method status="PASS" signature="springTestContextAfterTestMethod(java.lang.reflect.Method)[pri:0, instance:com.kubar.universityapp.service.RatingServiceTest@5a8806ef]" name="springTestContextAfterTestMethod" is-config="true" duration-ms="121" started-at="2016-11-29T18:52:50Z" finished-at="2016-11-29T18:52:50Z">
          <params>
            <param index="0">
              <value>
                <![CDATA[public void com.kubar.universityapp.service.RatingServiceTest.testRatingUpdate()]]>
              </value>
            </param>
          </params>
          <reporter-output>
          </reporter-output>
        </test-method> <!-- springTestContextAfterTestMethod -->
        <test-method status="PASS" signature="springTestContextAfterTestClass()[pri:0, instance:com.kubar.universityapp.service.RatingServiceTest@5a8806ef]" name="springTestContextAfterTestClass" is-config="true" duration-ms="0" started-at="2016-11-29T18:52:50Z" finished-at="2016-11-29T18:52:50Z">
          <reporter-output>
          </reporter-output>
        </test-method> <!-- springTestContextAfterTestClass -->
      </class> <!-- com.kubar.universityapp.service.RatingServiceTest -->
      <class name="com.kubar.universityapp.service.SubjectServiceTest">
        <test-method status="PASS" signature="springTestContextPrepareTestInstance()[pri:0, instance:com.kubar.universityapp.service.SubjectServiceTest@7d0587f1]" name="springTestContextPrepareTestInstance" is-config="true" duration-ms="13" started-at="2016-11-29T18:52:52Z" depends-on-methods="org.springframework.test.context.testng.AbstractTestNGSpringContextTests.springTestContextBeforeTestClass" finished-at="2016-11-29T18:52:52Z">
          <reporter-output>
          </reporter-output>
        </test-method> <!-- springTestContextPrepareTestInstance -->
        <test-method status="PASS" signature="springTestContextBeforeTestClass()[pri:0, instance:com.kubar.universityapp.service.SubjectServiceTest@7d0587f1]" name="springTestContextBeforeTestClass" is-config="true" duration-ms="0" started-at="2016-11-29T18:52:52Z" finished-at="2016-11-29T18:52:52Z">
          <reporter-output>
          </reporter-output>
        </test-method> <!-- springTestContextBeforeTestClass -->
        <test-method status="PASS" signature="springTestContextBeforeTestMethod(java.lang.reflect.Method)[pri:0, instance:com.kubar.universityapp.service.SubjectServiceTest@7d0587f1]" name="springTestContextBeforeTestMethod" is-config="true" duration-ms="199" started-at="2016-11-29T18:52:52Z" finished-at="2016-11-29T18:52:52Z">
          <params>
            <param index="0">
              <value>
                <![CDATA[public void com.kubar.universityapp.service.SubjectServiceTest.testSubjectCreate()]]>
              </value>
            </param>
          </params>
          <reporter-output>
          </reporter-output>
        </test-method> <!-- springTestContextBeforeTestMethod -->
        <test-method status="PASS" signature="testSubjectCreate()[pri:0, instance:com.kubar.universityapp.service.SubjectServiceTest@7d0587f1]" name="testSubjectCreate" duration-ms="42" started-at="2016-11-29T18:52:52Z" finished-at="2016-11-29T18:52:52Z">
          <reporter-output>
          </reporter-output>
        </test-method> <!-- testSubjectCreate -->
        <test-method status="PASS" signature="springTestContextAfterTestMethod(java.lang.reflect.Method)[pri:0, instance:com.kubar.universityapp.service.SubjectServiceTest@7d0587f1]" name="springTestContextAfterTestMethod" is-config="true" duration-ms="66" started-at="2016-11-29T18:52:52Z" finished-at="2016-11-29T18:52:53Z">
          <params>
            <param index="0">
              <value>
                <![CDATA[public void com.kubar.universityapp.service.SubjectServiceTest.testSubjectCreate()]]>
              </value>
            </param>
          </params>
          <reporter-output>
          </reporter-output>
        </test-method> <!-- springTestContextAfterTestMethod -->
        <test-method status="PASS" signature="springTestContextBeforeTestMethod(java.lang.reflect.Method)[pri:0, instance:com.kubar.universityapp.service.SubjectServiceTest@7d0587f1]" name="springTestContextBeforeTestMethod" is-config="true" duration-ms="44" started-at="2016-11-29T18:52:53Z" finished-at="2016-11-29T18:52:53Z">
          <params>
            <param index="0">
              <value>
                <![CDATA[public void com.kubar.universityapp.service.SubjectServiceTest.testSubjectDelete()]]>
              </value>
            </param>
          </params>
          <reporter-output>
          </reporter-output>
        </test-method> <!-- springTestContextBeforeTestMethod -->
        <test-method status="PASS" signature="testSubjectDelete()[pri:0, instance:com.kubar.universityapp.service.SubjectServiceTest@7d0587f1]" name="testSubjectDelete" duration-ms="49" started-at="2016-11-29T18:52:53Z" finished-at="2016-11-29T18:52:53Z">
          <reporter-output>
          </reporter-output>
        </test-method> <!-- testSubjectDelete -->
        <test-method status="PASS" signature="springTestContextAfterTestMethod(java.lang.reflect.Method)[pri:0, instance:com.kubar.universityapp.service.SubjectServiceTest@7d0587f1]" name="springTestContextAfterTestMethod" is-config="true" duration-ms="81" started-at="2016-11-29T18:52:53Z" finished-at="2016-11-29T18:52:53Z">
          <params>
            <param index="0">
              <value>
                <![CDATA[public void com.kubar.universityapp.service.SubjectServiceTest.testSubjectDelete()]]>
              </value>
            </param>
          </params>
          <reporter-output>
          </reporter-output>
        </test-method> <!-- springTestContextAfterTestMethod -->
        <test-method status="PASS" signature="springTestContextBeforeTestMethod(java.lang.reflect.Method)[pri:0, instance:com.kubar.universityapp.service.SubjectServiceTest@7d0587f1]" name="springTestContextBeforeTestMethod" is-config="true" duration-ms="146" started-at="2016-11-29T18:52:53Z" finished-at="2016-11-29T18:52:53Z">
          <params>
            <param index="0">
              <value>
                <![CDATA[public void com.kubar.universityapp.service.SubjectServiceTest.testSubjectFindById()]]>
              </value>
            </param>
          </params>
          <reporter-output>
          </reporter-output>
        </test-method> <!-- springTestContextBeforeTestMethod -->
        <test-method status="PASS" signature="testSubjectFindById()[pri:0, instance:com.kubar.universityapp.service.SubjectServiceTest@7d0587f1]" name="testSubjectFindById" duration-ms="34" started-at="2016-11-29T18:52:53Z" finished-at="2016-11-29T18:52:53Z">
          <reporter-output>
          </reporter-output>
        </test-method> <!-- testSubjectFindById -->
        <test-method status="PASS" signature="springTestContextAfterTestMethod(java.lang.reflect.Method)[pri:0, instance:com.kubar.universityapp.service.SubjectServiceTest@7d0587f1]" name="springTestContextAfterTestMethod" is-config="true" duration-ms="97" started-at="2016-11-29T18:52:53Z" finished-at="2016-11-29T18:52:53Z">
          <params>
            <param index="0">
              <value>
                <![CDATA[public void com.kubar.universityapp.service.SubjectServiceTest.testSubjectFindById()]]>
              </value>
            </param>
          </params>
          <reporter-output>
          </reporter-output>
        </test-method> <!-- springTestContextAfterTestMethod -->
        <test-method status="PASS" signature="springTestContextBeforeTestMethod(java.lang.reflect.Method)[pri:0, instance:com.kubar.universityapp.service.SubjectServiceTest@7d0587f1]" name="springTestContextBeforeTestMethod" is-config="true" duration-ms="162" started-at="2016-11-29T18:52:53Z" finished-at="2016-11-29T18:52:53Z">
          <params>
            <param index="0">
              <value>
                <![CDATA[public void com.kubar.universityapp.service.SubjectServiceTest.testSubjectGetAll()]]>
              </value>
            </param>
          </params>
          <reporter-output>
          </reporter-output>
        </test-method> <!-- springTestContextBeforeTestMethod -->
        <test-method status="PASS" signature="testSubjectGetAll()[pri:0, instance:com.kubar.universityapp.service.SubjectServiceTest@7d0587f1]" name="testSubjectGetAll" duration-ms="27" started-at="2016-11-29T18:52:53Z" finished-at="2016-11-29T18:52:53Z">
          <reporter-output>
          </reporter-output>
        </test-method> <!-- testSubjectGetAll -->
        <test-method status="PASS" signature="springTestContextBeforeTestMethod(java.lang.reflect.Method)[pri:0, instance:com.kubar.universityapp.service.SubjectServiceTest@7d0587f1]" name="springTestContextBeforeTestMethod" is-config="true" duration-ms="141" started-at="2016-11-29T18:52:53Z" finished-at="2016-11-29T18:52:53Z">
          <params>
            <param index="0">
              <value>
                <![CDATA[public void com.kubar.universityapp.service.SubjectServiceTest.testSubjectUpdate()]]>
              </value>
            </param>
          </params>
          <reporter-output>
          </reporter-output>
        </test-method> <!-- springTestContextBeforeTestMethod -->
        <test-method status="PASS" signature="springTestContextAfterTestMethod(java.lang.reflect.Method)[pri:0, instance:com.kubar.universityapp.service.SubjectServiceTest@7d0587f1]" name="springTestContextAfterTestMethod" is-config="true" duration-ms="0" started-at="2016-11-29T18:52:53Z" finished-at="2016-11-29T18:52:53Z">
          <params>
            <param index="0">
              <value>
                <![CDATA[public void com.kubar.universityapp.service.SubjectServiceTest.testSubjectGetAll()]]>
              </value>
            </param>
          </params>
          <reporter-output>
          </reporter-output>
        </test-method> <!-- springTestContextAfterTestMethod -->
        <test-method status="PASS" signature="testSubjectUpdate()[pri:0, instance:com.kubar.universityapp.service.SubjectServiceTest@7d0587f1]" name="testSubjectUpdate" duration-ms="66" started-at="2016-11-29T18:52:53Z" finished-at="2016-11-29T18:52:53Z">
          <reporter-output>
          </reporter-output>
        </test-method> <!-- testSubjectUpdate -->
        <test-method status="PASS" signature="springTestContextAfterTestMethod(java.lang.reflect.Method)[pri:0, instance:com.kubar.universityapp.service.SubjectServiceTest@7d0587f1]" name="springTestContextAfterTestMethod" is-config="true" duration-ms="83" started-at="2016-11-29T18:52:53Z" finished-at="2016-11-29T18:52:53Z">
          <params>
            <param index="0">
              <value>
                <![CDATA[public void com.kubar.universityapp.service.SubjectServiceTest.testSubjectUpdate()]]>
              </value>
            </param>
          </params>
          <reporter-output>
          </reporter-output>
        </test-method> <!-- springTestContextAfterTestMethod -->
        <test-method status="PASS" signature="springTestContextAfterTestClass()[pri:0, instance:com.kubar.universityapp.service.SubjectServiceTest@7d0587f1]" name="springTestContextAfterTestClass" is-config="true" duration-ms="0" started-at="2016-11-29T18:52:53Z" finished-at="2016-11-29T18:52:53Z">
          <reporter-output>
          </reporter-output>
        </test-method> <!-- springTestContextAfterTestClass -->
      </class> <!-- com.kubar.universityapp.service.SubjectServiceTest -->
      <class name="com.kubar.universityapp.service.AttendServiceTest">
        <test-method status="PASS" signature="springTestContextBeforeTestClass()[pri:0, instance:com.kubar.universityapp.service.AttendServiceTest@57855c9a]" name="springTestContextBeforeTestClass" is-config="true" duration-ms="19" started-at="2016-11-29T18:52:41Z" finished-at="2016-11-29T18:52:41Z">
          <reporter-output>
          </reporter-output>
        </test-method> <!-- springTestContextBeforeTestClass -->
        <test-method status="PASS" signature="springTestContextPrepareTestInstance()[pri:0, instance:com.kubar.universityapp.service.AttendServiceTest@57855c9a]" name="springTestContextPrepareTestInstance" is-config="true" duration-ms="4905" started-at="2016-11-29T18:52:41Z" depends-on-methods="org.springframework.test.context.testng.AbstractTestNGSpringContextTests.springTestContextBeforeTestClass" finished-at="2016-11-29T18:52:46Z">
          <reporter-output>
          </reporter-output>
        </test-method> <!-- springTestContextPrepareTestInstance -->
        <test-method status="PASS" signature="springTestContextBeforeTestMethod(java.lang.reflect.Method)[pri:0, instance:com.kubar.universityapp.service.AttendServiceTest@57855c9a]" name="springTestContextBeforeTestMethod" is-config="true" duration-ms="321" started-at="2016-11-29T18:52:46Z" finished-at="2016-11-29T18:52:47Z">
          <params>
            <param index="0">
              <value>
                <![CDATA[public void com.kubar.universityapp.service.AttendServiceTest.testAttendCreate()]]>
              </value>
            </param>
          </params>
          <reporter-output>
          </reporter-output>
        </test-method> <!-- springTestContextBeforeTestMethod -->
        <test-method status="PASS" signature="testAttendCreate()[pri:0, instance:com.kubar.universityapp.service.AttendServiceTest@57855c9a]" name="testAttendCreate" duration-ms="595" started-at="2016-11-29T18:52:47Z" finished-at="2016-11-29T18:52:47Z">
          <reporter-output>
          </reporter-output>
        </test-method> <!-- testAttendCreate -->
        <test-method status="PASS" signature="springTestContextAfterTestMethod(java.lang.reflect.Method)[pri:0, instance:com.kubar.universityapp.service.AttendServiceTest@57855c9a]" name="springTestContextAfterTestMethod" is-config="true" duration-ms="68" started-at="2016-11-29T18:52:47Z" finished-at="2016-11-29T18:52:47Z">
          <params>
            <param index="0">
              <value>
                <![CDATA[public void com.kubar.universityapp.service.AttendServiceTest.testAttendCreate()]]>
              </value>
            </param>
          </params>
          <reporter-output>
          </reporter-output>
        </test-method> <!-- springTestContextAfterTestMethod -->
        <test-method status="PASS" signature="springTestContextBeforeTestMethod(java.lang.reflect.Method)[pri:0, instance:com.kubar.universityapp.service.AttendServiceTest@57855c9a]" name="springTestContextBeforeTestMethod" is-config="true" duration-ms="40" started-at="2016-11-29T18:52:47Z" finished-at="2016-11-29T18:52:47Z">
          <params>
            <param index="0">
              <value>
                <![CDATA[public void com.kubar.universityapp.service.AttendServiceTest.testAttendDelete()]]>
              </value>
            </param>
          </params>
          <reporter-output>
          </reporter-output>
        </test-method> <!-- springTestContextBeforeTestMethod -->
        <test-method status="PASS" signature="testAttendDelete()[pri:0, instance:com.kubar.universityapp.service.AttendServiceTest@57855c9a]" name="testAttendDelete" duration-ms="98" started-at="2016-11-29T18:52:47Z" finished-at="2016-11-29T18:52:47Z">
          <reporter-output>
          </reporter-output>
        </test-method> <!-- testAttendDelete -->
        <test-method status="PASS" signature="springTestContextAfterTestMethod(java.lang.reflect.Method)[pri:0, instance:com.kubar.universityapp.service.AttendServiceTest@57855c9a]" name="springTestContextAfterTestMethod" is-config="true" duration-ms="55" started-at="2016-11-29T18:52:47Z" finished-at="2016-11-29T18:52:47Z">
          <params>
            <param index="0">
              <value>
                <![CDATA[public void com.kubar.universityapp.service.AttendServiceTest.testAttendDelete()]]>
              </value>
            </param>
          </params>
          <reporter-output>
          </reporter-output>
        </test-method> <!-- springTestContextAfterTestMethod -->
        <test-method status="PASS" signature="springTestContextBeforeTestMethod(java.lang.reflect.Method)[pri:0, instance:com.kubar.universityapp.service.AttendServiceTest@57855c9a]" name="springTestContextBeforeTestMethod" is-config="true" duration-ms="18" started-at="2016-11-29T18:52:47Z" finished-at="2016-11-29T18:52:47Z">
          <params>
            <param index="0">
              <value>
                <![CDATA[public void com.kubar.universityapp.service.AttendServiceTest.testAttendFindById()]]>
              </value>
            </param>
          </params>
          <reporter-output>
          </reporter-output>
        </test-method> <!-- springTestContextBeforeTestMethod -->
        <test-method status="PASS" signature="testAttendFindById()[pri:0, instance:com.kubar.universityapp.service.AttendServiceTest@57855c9a]" name="testAttendFindById" duration-ms="128" started-at="2016-11-29T18:52:47Z" finished-at="2016-11-29T18:52:48Z">
          <reporter-output>
          </reporter-output>
        </test-method> <!-- testAttendFindById -->
        <test-method status="PASS" signature="springTestContextAfterTestMethod(java.lang.reflect.Method)[pri:0, instance:com.kubar.universityapp.service.AttendServiceTest@57855c9a]" name="springTestContextAfterTestMethod" is-config="true" duration-ms="56" started-at="2016-11-29T18:52:48Z" finished-at="2016-11-29T18:52:48Z">
          <params>
            <param index="0">
              <value>
                <![CDATA[public void com.kubar.universityapp.service.AttendServiceTest.testAttendFindById()]]>
              </value>
            </param>
          </params>
          <reporter-output>
          </reporter-output>
        </test-method> <!-- springTestContextAfterTestMethod -->
        <test-method status="PASS" signature="springTestContextBeforeTestMethod(java.lang.reflect.Method)[pri:0, instance:com.kubar.universityapp.service.AttendServiceTest@57855c9a]" name="springTestContextBeforeTestMethod" is-config="true" duration-ms="43" started-at="2016-11-29T18:52:48Z" finished-at="2016-11-29T18:52:48Z">
          <params>
            <param index="0">
              <value>
                <![CDATA[public void com.kubar.universityapp.service.AttendServiceTest.testAttendGetAll()]]>
              </value>
            </param>
          </params>
          <reporter-output>
          </reporter-output>
        </test-method> <!-- springTestContextBeforeTestMethod -->
        <test-method status="PASS" signature="testAttendGetAll()[pri:0, instance:com.kubar.universityapp.service.AttendServiceTest@57855c9a]" name="testAttendGetAll" duration-ms="57" started-at="2016-11-29T18:52:48Z" finished-at="2016-11-29T18:52:48Z">
          <reporter-output>
          </reporter-output>
        </test-method> <!-- testAttendGetAll -->
        <test-method status="PASS" signature="springTestContextAfterTestMethod(java.lang.reflect.Method)[pri:0, instance:com.kubar.universityapp.service.AttendServiceTest@57855c9a]" name="springTestContextAfterTestMethod" is-config="true" duration-ms="0" started-at="2016-11-29T18:52:48Z" finished-at="2016-11-29T18:52:48Z">
          <params>
            <param index="0">
              <value>
                <![CDATA[public void com.kubar.universityapp.service.AttendServiceTest.testAttendGetAll()]]>
              </value>
            </param>
          </params>
          <reporter-output>
          </reporter-output>
        </test-method> <!-- springTestContextAfterTestMethod -->
        <test-method status="PASS" signature="springTestContextBeforeTestMethod(java.lang.reflect.Method)[pri:0, instance:com.kubar.universityapp.service.AttendServiceTest@57855c9a]" name="springTestContextBeforeTestMethod" is-config="true" duration-ms="151" started-at="2016-11-29T18:52:48Z" finished-at="2016-11-29T18:52:48Z">
          <params>
            <param index="0">
              <value>
                <![CDATA[public void com.kubar.universityapp.service.AttendServiceTest.testAttendUpdate()]]>
              </value>
            </param>
          </params>
          <reporter-output>
          </reporter-output>
        </test-method> <!-- springTestContextBeforeTestMethod -->
        <test-method status="PASS" signature="testAttendUpdate()[pri:0, instance:com.kubar.universityapp.service.AttendServiceTest@57855c9a]" name="testAttendUpdate" duration-ms="138" started-at="2016-11-29T18:52:48Z" finished-at="2016-11-29T18:52:48Z">
          <reporter-output>
          </reporter-output>
        </test-method> <!-- testAttendUpdate -->
        <test-method status="PASS" signature="springTestContextAfterTestMethod(java.lang.reflect.Method)[pri:0, instance:com.kubar.universityapp.service.AttendServiceTest@57855c9a]" name="springTestContextAfterTestMethod" is-config="true" duration-ms="263" started-at="2016-11-29T18:52:48Z" finished-at="2016-11-29T18:52:48Z">
          <params>
            <param index="0">
              <value>
                <![CDATA[public void com.kubar.universityapp.service.AttendServiceTest.testAttendUpdate()]]>
              </value>
            </param>
          </params>
          <reporter-output>
          </reporter-output>
        </test-method> <!-- springTestContextAfterTestMethod -->
        <test-method status="PASS" signature="springTestContextAfterTestClass()[pri:0, instance:com.kubar.universityapp.service.AttendServiceTest@57855c9a]" name="springTestContextAfterTestClass" is-config="true" duration-ms="1" started-at="2016-11-29T18:52:48Z" finished-at="2016-11-29T18:52:48Z">
          <reporter-output>
          </reporter-output>
        </test-method> <!-- springTestContextAfterTestClass -->
      </class> <!-- com.kubar.universityapp.service.AttendServiceTest -->
      <class name="com.kubar.universityapp.service.StudentServiceTest">
        <test-method status="PASS" signature="springTestContextPrepareTestInstance()[pri:0, instance:com.kubar.universityapp.service.StudentServiceTest@5e853265]" name="springTestContextPrepareTestInstance" is-config="true" duration-ms="6" started-at="2016-11-29T18:52:50Z" depends-on-methods="org.springframework.test.context.testng.AbstractTestNGSpringContextTests.springTestContextBeforeTestClass" finished-at="2016-11-29T18:52:50Z">
          <reporter-output>
          </reporter-output>
        </test-method> <!-- springTestContextPrepareTestInstance -->
        <test-method status="PASS" signature="springTestContextBeforeTestClass()[pri:0, instance:com.kubar.universityapp.service.StudentServiceTest@5e853265]" name="springTestContextBeforeTestClass" is-config="true" duration-ms="0" started-at="2016-11-29T18:52:50Z" finished-at="2016-11-29T18:52:50Z">
          <reporter-output>
          </reporter-output>
        </test-method> <!-- springTestContextBeforeTestClass -->
        <test-method status="PASS" signature="springTestContextBeforeTestMethod(java.lang.reflect.Method)[pri:0, instance:com.kubar.universityapp.service.StudentServiceTest@5e853265]" name="springTestContextBeforeTestMethod" is-config="true" duration-ms="23" started-at="2016-11-29T18:52:50Z" finished-at="2016-11-29T18:52:50Z">
          <params>
            <param index="0">
              <value>
                <![CDATA[public void com.kubar.universityapp.service.StudentServiceTest.testStudentCreate()]]>
              </value>
            </param>
          </params>
          <reporter-output>
          </reporter-output>
        </test-method> <!-- springTestContextBeforeTestMethod -->
        <test-method status="PASS" signature="testStudentCreate()[pri:0, instance:com.kubar.universityapp.service.StudentServiceTest@5e853265]" name="testStudentCreate" duration-ms="95" started-at="2016-11-29T18:52:50Z" finished-at="2016-11-29T18:52:50Z">
          <reporter-output>
          </reporter-output>
        </test-method> <!-- testStudentCreate -->
        <test-method status="PASS" signature="springTestContextAfterTestMethod(java.lang.reflect.Method)[pri:0, instance:com.kubar.universityapp.service.StudentServiceTest@5e853265]" name="springTestContextAfterTestMethod" is-config="true" duration-ms="131" started-at="2016-11-29T18:52:50Z" finished-at="2016-11-29T18:52:50Z">
          <params>
            <param index="0">
              <value>
                <![CDATA[public void com.kubar.universityapp.service.StudentServiceTest.testStudentCreate()]]>
              </value>
            </param>
          </params>
          <reporter-output>
          </reporter-output>
        </test-method> <!-- springTestContextAfterTestMethod -->
        <test-method status="PASS" signature="springTestContextBeforeTestMethod(java.lang.reflect.Method)[pri:0, instance:com.kubar.universityapp.service.StudentServiceTest@5e853265]" name="springTestContextBeforeTestMethod" is-config="true" duration-ms="423" started-at="2016-11-29T18:52:50Z" finished-at="2016-11-29T18:52:51Z">
          <params>
            <param index="0">
              <value>
                <![CDATA[public void com.kubar.universityapp.service.StudentServiceTest.testStudentDelete()]]>
              </value>
            </param>
          </params>
          <reporter-output>
          </reporter-output>
        </test-method> <!-- springTestContextBeforeTestMethod -->
        <test-method status="PASS" signature="testStudentDelete()[pri:0, instance:com.kubar.universityapp.service.StudentServiceTest@5e853265]" name="testStudentDelete" duration-ms="143" started-at="2016-11-29T18:52:51Z" finished-at="2016-11-29T18:52:51Z">
          <reporter-output>
          </reporter-output>
        </test-method> <!-- testStudentDelete -->
        <test-method status="PASS" signature="springTestContextAfterTestMethod(java.lang.reflect.Method)[pri:0, instance:com.kubar.universityapp.service.StudentServiceTest@5e853265]" name="springTestContextAfterTestMethod" is-config="true" duration-ms="119" started-at="2016-11-29T18:52:51Z" finished-at="2016-11-29T18:52:51Z">
          <params>
            <param index="0">
              <value>
                <![CDATA[public void com.kubar.universityapp.service.StudentServiceTest.testStudentDelete()]]>
              </value>
            </param>
          </params>
          <reporter-output>
          </reporter-output>
        </test-method> <!-- springTestContextAfterTestMethod -->
        <test-method status="PASS" signature="springTestContextBeforeTestMethod(java.lang.reflect.Method)[pri:0, instance:com.kubar.universityapp.service.StudentServiceTest@5e853265]" name="springTestContextBeforeTestMethod" is-config="true" duration-ms="191" started-at="2016-11-29T18:52:51Z" finished-at="2016-11-29T18:52:51Z">
          <params>
            <param index="0">
              <value>
                <![CDATA[public void com.kubar.universityapp.service.StudentServiceTest.testStudentFindById()]]>
              </value>
            </param>
          </params>
          <reporter-output>
          </reporter-output>
        </test-method> <!-- springTestContextBeforeTestMethod -->
        <test-method status="PASS" signature="testStudentFindById()[pri:0, instance:com.kubar.universityapp.service.StudentServiceTest@5e853265]" name="testStudentFindById" duration-ms="313" started-at="2016-11-29T18:52:51Z" finished-at="2016-11-29T18:52:52Z">
          <reporter-output>
          </reporter-output>
        </test-method> <!-- testStudentFindById -->
        <test-method status="PASS" signature="springTestContextAfterTestMethod(java.lang.reflect.Method)[pri:0, instance:com.kubar.universityapp.service.StudentServiceTest@5e853265]" name="springTestContextAfterTestMethod" is-config="true" duration-ms="118" started-at="2016-11-29T18:52:52Z" finished-at="2016-11-29T18:52:52Z">
          <params>
            <param index="0">
              <value>
                <![CDATA[public void com.kubar.universityapp.service.StudentServiceTest.testStudentFindById()]]>
              </value>
            </param>
          </params>
          <reporter-output>
          </reporter-output>
        </test-method> <!-- springTestContextAfterTestMethod -->
        <test-method status="PASS" signature="springTestContextBeforeTestMethod(java.lang.reflect.Method)[pri:0, instance:com.kubar.universityapp.service.StudentServiceTest@5e853265]" name="springTestContextBeforeTestMethod" is-config="true" duration-ms="29" started-at="2016-11-29T18:52:52Z" finished-at="2016-11-29T18:52:52Z">
          <params>
            <param index="0">
              <value>
                <![CDATA[public void com.kubar.universityapp.service.StudentServiceTest.testStudentGetAll()]]>
              </value>
            </param>
          </params>
          <reporter-output>
          </reporter-output>
        </test-method> <!-- springTestContextBeforeTestMethod -->
        <test-method status="PASS" signature="testStudentGetAll()[pri:0, instance:com.kubar.universityapp.service.StudentServiceTest@5e853265]" name="testStudentGetAll" duration-ms="9" started-at="2016-11-29T18:52:52Z" finished-at="2016-11-29T18:52:52Z">
          <reporter-output>
          </reporter-output>
        </test-method> <!-- testStudentGetAll -->
        <test-method status="PASS" signature="springTestContextAfterTestMethod(java.lang.reflect.Method)[pri:0, instance:com.kubar.universityapp.service.StudentServiceTest@5e853265]" name="springTestContextAfterTestMethod" is-config="true" duration-ms="4" started-at="2016-11-29T18:52:52Z" finished-at="2016-11-29T18:52:52Z">
          <params>
            <param index="0">
              <value>
                <![CDATA[public void com.kubar.universityapp.service.StudentServiceTest.testStudentGetAll()]]>
              </value>
            </param>
          </params>
          <reporter-output>
          </reporter-output>
        </test-method> <!-- springTestContextAfterTestMethod -->
        <test-method status="PASS" signature="springTestContextBeforeTestMethod(java.lang.reflect.Method)[pri:0, instance:com.kubar.universityapp.service.StudentServiceTest@5e853265]" name="springTestContextBeforeTestMethod" is-config="true" duration-ms="37" started-at="2016-11-29T18:52:52Z" finished-at="2016-11-29T18:52:52Z">
          <params>
            <param index="0">
              <value>
                <![CDATA[public void com.kubar.universityapp.service.StudentServiceTest.testStudentUpdate()]]>
              </value>
            </param>
          </params>
          <reporter-output>
          </reporter-output>
        </test-method> <!-- springTestContextBeforeTestMethod -->
        <test-method status="PASS" signature="testStudentUpdate()[pri:0, instance:com.kubar.universityapp.service.StudentServiceTest@5e853265]" name="testStudentUpdate" duration-ms="233" started-at="2016-11-29T18:52:52Z" finished-at="2016-11-29T18:52:52Z">
          <reporter-output>
          </reporter-output>
        </test-method> <!-- testStudentUpdate -->
        <test-method status="PASS" signature="springTestContextAfterTestMethod(java.lang.reflect.Method)[pri:0, instance:com.kubar.universityapp.service.StudentServiceTest@5e853265]" name="springTestContextAfterTestMethod" is-config="true" duration-ms="258" started-at="2016-11-29T18:52:52Z" finished-at="2016-11-29T18:52:52Z">
          <params>
            <param index="0">
              <value>
                <![CDATA[public void com.kubar.universityapp.service.StudentServiceTest.testStudentUpdate()]]>
              </value>
            </param>
          </params>
          <reporter-output>
          </reporter-output>
        </test-method> <!-- springTestContextAfterTestMethod -->
        <test-method status="PASS" signature="springTestContextAfterTestClass()[pri:0, instance:com.kubar.universityapp.service.StudentServiceTest@5e853265]" name="springTestContextAfterTestClass" is-config="true" duration-ms="1" started-at="2016-11-29T18:52:52Z" finished-at="2016-11-29T18:52:52Z">
          <reporter-output>
          </reporter-output>
        </test-method> <!-- springTestContextAfterTestClass -->
      </class> <!-- com.kubar.universityapp.service.StudentServiceTest -->
    </test> <!-- Command line test -->
  </suite> <!-- Command line suite -->
</testng-results>
